<?xml version="1.0" encoding="UTF-8"?>
<!-- Generated by org.testng.reporters.JUnitReportReporter -->
<testsuite hostname="DESKTOP-O3CNH6A" failures="0" tests="2" name="abc.Demo1" time="0.019" errors="0" timestamp="2022-11-22T20:23:39 IST" skipped="0">
  <testcase classname="abc.Demo1" name="Test1" time="0.016"/>
  <system-out/>
  <testcase classname="abc.Demo1" name="Test2" time="0.003"/>
  <system-out/>
</testsuite> <!-- abc.Demo1 -->
