<?xml version="1.0" encoding="UTF-8"?>
<!-- Generated by org.testng.reporters.JUnitReportReporter -->
<testsuite hostname="DESKTOP-O3CNH6A" failures="0" tests="2" name="abc.Demo2" time="0.009" errors="0" timestamp="2022-11-22T20:23:39 IST" skipped="0">
  <testcase classname="abc.Demo2" name="Test3" time="0.005"/>
  <system-out/>
  <testcase classname="abc.Demo2" name="Test4" time="0.004"/>
  <system-out/>
</testsuite> <!-- abc.Demo2 -->
